{
  "0 debug pnpm:scope": {
    "selected": 1
  },
  "1 info pnpm": {
    "err": {
      "name": "Error",
      "message": "not found: inti",
      "code": "ENOENT",
      "stack": "Error: not found: inti\n    at getNotFoundError (C:\\Users\\hazartilirot\\AppData\\Roaming\\npm\\node_modules\\pnpm\\dist\\pnpm.cjs:41182:51)\n    at Function.whichSync [as sync] (C:\\Users\\hazartilirot\\AppData\\Roaming\\npm\\node_modules\\pnpm\\dist\\pnpm.cjs:41259:13)\n    at getCommandAbsolutePathSync (C:\\Users\\hazartilirot\\AppData\\Roaming\\npm\\node_modules\\pnpm\\dist\\pnpm.cjs:42824:44)\n    at default_1 (C:\\Users\\hazartilirot\\AppData\\Roaming\\npm\\node_modules\\pnpm\\dist\\pnpm.cjs:42833:32)\n    at C:\\Users\\hazartilirot\\AppData\\Roaming\\npm\\node_modules\\pnpm\\dist\\pnpm.cjs:178717:39"
    }
  },
  "2 error pnpm": {
    "code": "ERR_PNPM_RECURSIVE_EXEC_FIRST_FAIL",
    "prefix": "C:\\Users\\hazartilirot",
    "err": {
      "name": "pnpm",
      "message": "not found: inti",
      "code": "ERR_PNPM_RECURSIVE_EXEC_FIRST_FAIL",
      "stack": "Error: not found: inti\n    at getNotFoundError (C:\\Users\\hazartilirot\\AppData\\Roaming\\npm\\node_modules\\pnpm\\dist\\pnpm.cjs:41182:51)\n    at Function.whichSync [as sync] (C:\\Users\\hazartilirot\\AppData\\Roaming\\npm\\node_modules\\pnpm\\dist\\pnpm.cjs:41259:13)\n    at getCommandAbsolutePathSync (C:\\Users\\hazartilirot\\AppData\\Roaming\\npm\\node_modules\\pnpm\\dist\\pnpm.cjs:42824:44)\n    at default_1 (C:\\Users\\hazartilirot\\AppData\\Roaming\\npm\\node_modules\\pnpm\\dist\\pnpm.cjs:42833:32)\n    at C:\\Users\\hazartilirot\\AppData\\Roaming\\npm\\node_modules\\pnpm\\dist\\pnpm.cjs:178717:39"
    }
  }
}